app/build/outputs/logs/manifest-merger-debug-report.txt
-- Merging decision tree log ---
manifest
ADDED from src/main/AndroidManifest.xml:2:1-84:12
	package
		ADDED from src/main/AndroidManifest.xml:3:5-35
		INJECTED from src/main/AndroidManifest.xml
		INJECTED from src/main/AndroidManifest.xml
	android:versionName
		ADDED from src/main/AndroidManifest.xml:5:5-30
		INJECTED from src/main/AndroidManifest.xml
		INJECTED from src/main/AndroidManifest.xml
	android:versionCode
		ADDED from src/main/AndroidManifest.xml:4:5-28
		INJECTED from src/main/AndroidManifest.xml
		INJECTED from src/main/AndroidManifest.xml
	xmlns:android
		ADDED from src/main/AndroidManifest.xml:2:11-69
uses-sdk
ADDED from src/main/AndroidManifest.xml:7:5-9:41
	android:targetSdkVersion
		ADDED from src/main/AndroidManifest.xml:9:9-38
		INJECTED from src/main/AndroidManifest.xml
		INJECTED from src/main/AndroidManifest.xml
	android:minSdkVersion
		ADDED from src/main/AndroidManifest.xml:8:9-34
		INJECTED from src/main/AndroidManifest.xml
		INJECTED from src/main/AndroidManifest.xml
uses-permission#android.permission.INTERNET
ADDED from src/main/AndroidManifest.xml:11:5-67
	android:name
		ADDED from src/main/AndroidManifest.xml:11:22-64
uses-permission#android.permission.READ_CONTACTS
ADDED from src/main/AndroidManifest.xml:12:5-72
	android:name
		ADDED from src/main/AndroidManifest.xml:12:22-69
uses-permission#android.permission.CALL_PHONE
ADDED from src/main/AndroidManifest.xml:13:5-69
	android:name
		ADDED from src/main/AndroidManifest.xml:13:22-66
uses-permission#android.permission.SEND_SMS
ADDED from src/main/AndroidManifest.xml:14:5-67
	android:name
		ADDED from src/main/AndroidManifest.xml:14:22-64
uses-permission#android.permission.ACCESS_NETWORK_STATE
ADDED from src/main/AndroidManifest.xml:15:5-16:23
	android:name
		ADDED from src/main/AndroidManifest.xml:15:22-76
uses-permission#android.permission.WRITE_CONTACTS
ADDED from src/main/AndroidManifest.xml:17:5-73
	android:name
		ADDED from src/main/AndroidManifest.xml:17:22-70
uses-permission#android.permission.WRITE_EXTERNAL_STORAGE
ADDED from src/main/AndroidManifest.xml:18:5-81
	android:name
		ADDED from src/main/AndroidManifest.xml:18:22-78
application
ADDED from src/main/AndroidManifest.xml:20:5-82:19
	android:label
		ADDED from src/main/AndroidManifest.xml:23:9-41
	android:allowBackup
		ADDED from src/main/AndroidManifest.xml:21:9-35
	android:icon
		ADDED from src/main/AndroidManifest.xml:22:9-45
	android:theme
		ADDED from src/main/AndroidManifest.xml:24:9-40
activity#com.example.identity.MainActivity
ADDED from src/main/AndroidManifest.xml:25:9-33:20
	android:label
		ADDED from src/main/AndroidManifest.xml:27:13-45
	android:name
		ADDED from src/main/AndroidManifest.xml:26:13-61
intent-filter#android.intent.action.MAIN+android.intent.category.LAUNCHER
ADDED from src/main/AndroidManifest.xml:28:13-32:29
action#android.intent.action.MAIN
ADDED from src/main/AndroidManifest.xml:29:17-69
	android:name
		ADDED from src/main/AndroidManifest.xml:29:25-66
category#android.intent.category.LAUNCHER
ADDED from src/main/AndroidManifest.xml:31:17-77
	android:name
		ADDED from src/main/AndroidManifest.xml:31:27-74
activity#com.example.identity.AndroidTabLayoutActivity
ADDED from src/main/AndroidManifest.xml:34:9-37:20
	android:label
		ADDED from src/main/AndroidManifest.xml:36:13-55
	android:name
		ADDED from src/main/AndroidManifest.xml:35:13-73
activity#com.example.identity.RegistrationActivity
ADDED from src/main/AndroidManifest.xml:38:9-41:20
	android:label
		ADDED from src/main/AndroidManifest.xml:40:13-64
	android:name
		ADDED from src/main/AndroidManifest.xml:39:13-69
activity#com.example.identity.PhoneContactsActivity
ADDED from src/main/AndroidManifest.xml:42:9-45:20
	android:label
		ADDED from src/main/AndroidManifest.xml:44:13-66
	android:name
		ADDED from src/main/AndroidManifest.xml:43:13-70
activity#com.example.identity.CloudContactsActivity
ADDED from src/main/AndroidManifest.xml:46:9-49:20
	android:label
		ADDED from src/main/AndroidManifest.xml:48:13-66
	android:name
		ADDED from src/main/AndroidManifest.xml:47:13-70
activity#com.example.identity.OptionSActivity
ADDED from src/main/AndroidManifest.xml:50:9-53:20
	android:label
		ADDED from src/main/AndroidManifest.xml:52:13-60
	android:name
		ADDED from src/main/AndroidManifest.xml:51:13-64
activity#com.example.identity.MessageActivity
ADDED from src/main/AndroidManifest.xml:54:9-57:20
	android:label
		ADDED from src/main/AndroidManifest.xml:56:13-59
	android:name
		ADDED from src/main/AndroidManifest.xml:55:13-64
activity#com.example.identity.SocialIntegration
ADDED from src/main/AndroidManifest.xml:58:9-61:20
	android:label
		ADDED from src/main/AndroidManifest.xml:60:13-70
	android:name
		ADDED from src/main/AndroidManifest.xml:59:13-66
activity#org.example.customui.CustomUI
ADDED from src/main/AndroidManifest.xml:62:9-63:20
	android:name
		ADDED from src/main/AndroidManifest.xml:62:19-63
activity#org.example.customui.ProfileActivity
ADDED from src/main/AndroidManifest.xml:64:9-65:20
	android:name
		ADDED from src/main/AndroidManifest.xml:64:19-70
activity#org.example.customui.ContactActivity
ADDED from src/main/AndroidManifest.xml:66:9-67:20
	android:name
		ADDED from src/main/AndroidManifest.xml:66:19-70
activity#org.example.customui.FeedActivity
ADDED from src/main/AndroidManifest.xml:68:9-69:20
	android:name
		ADDED from src/main/AndroidManifest.xml:68:19-67
activity#org.example.customui.AlbumActivity
ADDED from src/main/AndroidManifest.xml:70:9-71:20
	android:name
		ADDED from src/main/AndroidManifest.xml:70:19-68
activity#org.example.customui.CareerActivity
ADDED from src/main/AndroidManifest.xml:72:9-73:20
	android:name
		ADDED from src/main/AndroidManifest.xml:72:19-69
activity#com.example.identity.SaveContactsActivity
ADDED from src/main/AndroidManifest.xml:74:9-77:20
	android:label
		ADDED from src/main/AndroidManifest.xml:76:13-65
	android:name
		ADDED from src/main/AndroidManifest.xml:75:13-69
activity#com.example.identity.ShareActivity
ADDED from src/main/AndroidManifest.xml:78:9-81:20
	android:label
		ADDED from src/main/AndroidManifest.xml:80:13-57
	android:name
		ADDED from src/main/AndroidManifest.xml:79:13-62